<?xml version="1.0" encoding="UTF-8"?>
<!-- Generated by org.testng.reporters.JUnitReportReporter -->
<testsuite skipped="0" hostname="KALAMSIR-PC" name="tests.Runner2" tests="6" failures="2" timestamp="2021-03-10T16:20:20 IST" time="9.955" errors="0">
  <testcase name="runScenario" time="0.929" classname="tests.Runner2"/>
  <system-out/>
  <testcase name="runScenario" time="0.905" classname="tests.Runner2">
    <failure type="java.lang.AssertionError" message="expected [true] but found [false]">
      <![CDATA[java.lang.AssertionError: expected [true] but found [false]
at org.testng.Assert.fail(Assert.java:97)
at org.testng.Assert.failNotEquals(Assert.java:969)
at org.testng.Assert.assertTrue(Assert.java:43)
at org.testng.Assert.assertTrue(Assert.java:53)
at gluecode.Stepdef2.method10(Stepdef2.java:52)
at ✽.status code is "200" as per "duplicate" and content type is "application/json"(file:///E:/apibatch3/81org.magnitia.ra-bdd-pico-testng/src/test/resources/features/feature2.feature:8)
]]>
    </failure>
  </testcase> <!-- runScenario -->
  <system-out/>
  <testcase name="runScenario" time="1.230" classname="tests.Runner2"/>
  <system-out/>
  <testcase name="runScenario" time="0.962" classname="tests.Runner2"/>
  <system-out/>
  <testcase name="runScenario" time="2.832" classname="tests.Runner2">
    <failure type="java.lang.AssertionError" message="expected [true] but found [false]">
      <![CDATA[java.lang.AssertionError: expected [true] but found [false]
at org.testng.Assert.fail(Assert.java:97)
at org.testng.Assert.failNotEquals(Assert.java:969)
at org.testng.Assert.assertTrue(Assert.java:43)
at org.testng.Assert.assertTrue(Assert.java:53)
at gluecode.Stepdef2.method11(Stepdef2.java:86)
at ✽.validate that restful service(file:///E:/apibatch3/81org.magnitia.ra-bdd-pico-testng/src/test/resources/features/feature3.feature:4)
]]>
    </failure>
  </testcase> <!-- runScenario -->
  <system-out/>
  <testcase name="runScenario" time="3.097" classname="tests.Runner2"/>
  <system-out/>
</testsuite> <!-- tests.Runner2 -->
